<?xml version="1.0" encoding="UTF-8"?>
<testsuite name="com.nireworks.algorithms.btree.NodeTest" tests="4" skipped="0" failures="0" errors="0" timestamp="2019-05-19T13:10:31" hostname="DanXPS" time="0.002">
  <properties/>
  <testcase name="testAddNode" classname="com.nireworks.algorithms.btree.NodeTest" time="0.001"/>
  <testcase name="testCreateNode" classname="com.nireworks.algorithms.btree.NodeTest" time="0.001"/>
  <testcase name="testAddNode_Deep" classname="com.nireworks.algorithms.btree.NodeTest" time="0.0"/>
  <testcase name="testAddNode_Null" classname="com.nireworks.algorithms.btree.NodeTest" time="0.0"/>
  <system-out><![CDATA[]]></system-out>
  <system-err><![CDATA[]]></system-err>
</testsuite>
